<?xml version="1.0" encoding="UTF-8"?>
<testng-results ignored="0" total="6" passed="6" failed="0" skipped="0">
  <reporter-output>
    <line>
      <![CDATA[ ]]>
    </line>
    <line>
      <![CDATA[Details of First Course :]]>
    </line>
    <line>
      <![CDATA[ ]]>
    </line>
    <line>
      <![CDATA[Course Name - Web Design for Everybody: Basics of Web Development & Coding]]>
    </line>
    <line>
      <![CDATA[Course Rating - 4.7]]>
    </line>
    <line>
      <![CDATA[Course Duration - Approximately 6 months to complete]]>
    </line>
    <line>
      <![CDATA[ ]]>
    </line>
    <line>
      <![CDATA[Details of Second Course :]]>
    </line>
    <line>
      <![CDATA[ ]]>
    </line>
    <line>
      <![CDATA[Course Name - Introduction to Web Development]]>
    </line>
    <line>
      <![CDATA[Course Rating - 4.7]]>
    </line>
    <line>
      <![CDATA[Course Duration - Approx. 22 hours to complete]]>
    </line>
  </reporter-output>
  <suite started-at="2021-09-29T09:51:46 IST" name="Default suite" finished-at="2021-09-29T09:52:33 IST" duration-ms="46927">
    <groups>
      <group name="Smoke Test">
        <method signature="identifyCoursesTest$validateIdentifyCourses.validateSearchCourse()[pri:1, instance:com.coursera.org.Test.identifyCoursesTest$validateIdentifyCourses@158d2680]" name="validateSearchCourse" class="com.coursera.org.Test.identifyCoursesTest$validateIdentifyCourses"/>
      </group> <!-- Smoke Test -->
      <group name="Smoke">
        <method signature="identifyCoursesTest$validateIdentifyCourses.validateFirstCourse()[pri:4, instance:com.coursera.org.Test.identifyCoursesTest$validateIdentifyCourses@158d2680]" name="validateFirstCourse" class="com.coursera.org.Test.identifyCoursesTest$validateIdentifyCourses"/>
        <method signature="identifyCoursesTest$validateIdentifyCourses.validateScreenShot()[pri:6, instance:com.coursera.org.Test.identifyCoursesTest$validateIdentifyCourses@158d2680]" name="validateScreenShot" class="com.coursera.org.Test.identifyCoursesTest$validateIdentifyCourses"/>
        <method signature="identifyCoursesTest$validateIdentifyCourses.validateSecondCourse()[pri:5, instance:com.coursera.org.Test.identifyCoursesTest$validateIdentifyCourses@158d2680]" name="validateSecondCourse" class="com.coursera.org.Test.identifyCoursesTest$validateIdentifyCourses"/>
        <method signature="identifyCoursesTest$validateIdentifyCourses.validateSelectLanguage()[pri:2, instance:com.coursera.org.Test.identifyCoursesTest$validateIdentifyCourses@158d2680]" name="validateSelectLanguage" class="com.coursera.org.Test.identifyCoursesTest$validateIdentifyCourses"/>
        <method signature="identifyCoursesTest$validateIdentifyCourses.validateSelectLevel()[pri:3, instance:com.coursera.org.Test.identifyCoursesTest$validateIdentifyCourses@158d2680]" name="validateSelectLevel" class="com.coursera.org.Test.identifyCoursesTest$validateIdentifyCourses"/>
      </group> <!-- Smoke -->
    </groups>
    <test started-at="2021-09-29T09:51:46 IST" name="Default test" finished-at="2021-09-29T09:52:33 IST" duration-ms="46927">
      <class name="com.coursera.org.Test.identifyCoursesTest$validateIdentifyCourses">
        <test-method is-config="true" signature="initialiseSetUp()[pri:0, instance:com.coursera.org.Test.identifyCoursesTest$validateIdentifyCourses@158d2680]" started-at="2021-09-29T09:51:46 IST" name="initialiseSetUp" finished-at="2021-09-29T09:52:01 IST" duration-ms="15712" status="PASS">
          <reporter-output>
          </reporter-output>
        </test-method> <!-- initialiseSetUp -->
        <test-method signature="validateSearchCourse()[pri:1, instance:com.coursera.org.Test.identifyCoursesTest$validateIdentifyCourses@158d2680]" started-at="2021-09-29T09:52:01 IST" name="validateSearchCourse" finished-at="2021-09-29T09:52:09 IST" duration-ms="7651" status="PASS">
          <reporter-output>
          </reporter-output>
        </test-method> <!-- validateSearchCourse -->
        <test-method signature="validateSelectLanguage()[pri:2, instance:com.coursera.org.Test.identifyCoursesTest$validateIdentifyCourses@158d2680]" started-at="2021-09-29T09:52:09 IST" name="validateSelectLanguage" finished-at="2021-09-29T09:52:15 IST" duration-ms="5543" status="PASS">
          <reporter-output>
          </reporter-output>
        </test-method> <!-- validateSelectLanguage -->
        <test-method signature="validateSelectLevel()[pri:3, instance:com.coursera.org.Test.identifyCoursesTest$validateIdentifyCourses@158d2680]" started-at="2021-09-29T09:52:15 IST" name="validateSelectLevel" finished-at="2021-09-29T09:52:21 IST" duration-ms="6078" status="PASS">
          <reporter-output>
          </reporter-output>
        </test-method> <!-- validateSelectLevel -->
        <test-method signature="validateFirstCourse()[pri:4, instance:com.coursera.org.Test.identifyCoursesTest$validateIdentifyCourses@158d2680]" started-at="2021-09-29T09:52:21 IST" name="validateFirstCourse" finished-at="2021-09-29T09:52:26 IST" duration-ms="5202" status="PASS">
          <reporter-output>
            <line>
              <![CDATA[ ]]>
            </line>
            <line>
              <![CDATA[Details of First Course :]]>
            </line>
            <line>
              <![CDATA[ ]]>
            </line>
            <line>
              <![CDATA[Course Name - Web Design for Everybody: Basics of Web Development & Coding]]>
            </line>
            <line>
              <![CDATA[Course Rating - 4.7]]>
            </line>
            <line>
              <![CDATA[Course Duration - Approximately 6 months to complete]]>
            </line>
          </reporter-output>
        </test-method> <!-- validateFirstCourse -->
        <test-method signature="validateSecondCourse()[pri:5, instance:com.coursera.org.Test.identifyCoursesTest$validateIdentifyCourses@158d2680]" started-at="2021-09-29T09:52:26 IST" name="validateSecondCourse" finished-at="2021-09-29T09:52:31 IST" depends-on-methods="com.coursera.org.Test.identifyCoursesTest$validateIdentifyCourses.validateFirstCourse" duration-ms="5138" status="PASS">
          <reporter-output>
            <line>
              <![CDATA[ ]]>
            </line>
            <line>
              <![CDATA[Details of Second Course :]]>
            </line>
            <line>
              <![CDATA[ ]]>
            </line>
            <line>
              <![CDATA[Course Name - Introduction to Web Development]]>
            </line>
            <line>
              <![CDATA[Course Rating - 4.7]]>
            </line>
            <line>
              <![CDATA[Course Duration - Approx. 22 hours to complete]]>
            </line>
          </reporter-output>
        </test-method> <!-- validateSecondCourse -->
        <test-method signature="validateScreenShot()[pri:6, instance:com.coursera.org.Test.identifyCoursesTest$validateIdentifyCourses@158d2680]" started-at="2021-09-29T09:52:31 IST" name="validateScreenShot" finished-at="2021-09-29T09:52:31 IST" duration-ms="241" status="PASS">
          <reporter-output>
          </reporter-output>
        </test-method> <!-- validateScreenShot -->
        <test-method is-config="true" signature="tearDown()[pri:0, instance:com.coursera.org.Test.identifyCoursesTest$validateIdentifyCourses@158d2680]" started-at="2021-09-29T09:52:31 IST" name="tearDown" finished-at="2021-09-29T09:52:33 IST" duration-ms="1255" status="PASS">
          <reporter-output>
          </reporter-output>
        </test-method> <!-- tearDown -->
      </class> <!-- com.coursera.org.Test.identifyCoursesTest$validateIdentifyCourses -->
    </test> <!-- Default test -->
  </suite> <!-- Default suite -->
</testng-results>
