<?xml version="1.0" encoding="UTF-8"?>
<!-- Generated by org.testng.reporters.JUnitXMLReporter -->
<testsuite ignored="0" hostname="DESKTOP-BM588O0" failures="0" tests="6" name="Test" time="46.172" errors="0" timestamp="2021-09-28T17:16:41 IST">
  <testcase classname="com.coursera.org.Test.identifyCoursesTest$validateIdentifyCourses" name="validateSearchCourse" time="11.747"/>
  <testcase classname="com.coursera.org.Test.identifyCoursesTest$validateIdentifyCourses" name="validateSelectLanguage" time="4.992"/>
  <testcase classname="com.coursera.org.Test.identifyCoursesTest$validateIdentifyCourses" name="validateSelectLevel" time="5.212"/>
  <testcase classname="com.coursera.org.Test.identifyCoursesTest$validateIdentifyCourses" name="validateFirstCourse" time="5.646"/>
  <testcase classname="com.coursera.org.Test.identifyCoursesTest$validateIdentifyCourses" name="validateSecondCourse" time="2.665"/>
  <testcase classname="com.coursera.org.Test.identifyCoursesTest$validateIdentifyCourses" name="validateScreenShot" time="0.352"/>
</testsuite> <!-- Test -->
