<?xml version="1.0" encoding="UTF-8"?>
<!-- Generated by org.testng.reporters.JUnitXMLReporter -->
<testsuite ignored="0" hostname="DESKTOP-BM588O0" failures="0" tests="6" name="Default test" time="46.927" errors="0" timestamp="2021-09-29T09:52:33 IST">
  <testcase classname="com.coursera.org.Test.identifyCoursesTest$validateIdentifyCourses" name="validateSearchCourse" time="7.651"/>
  <testcase classname="com.coursera.org.Test.identifyCoursesTest$validateIdentifyCourses" name="validateSelectLanguage" time="5.543"/>
  <testcase classname="com.coursera.org.Test.identifyCoursesTest$validateIdentifyCourses" name="validateSelectLevel" time="6.078"/>
  <testcase classname="com.coursera.org.Test.identifyCoursesTest$validateIdentifyCourses" name="validateFirstCourse" time="5.202"/>
  <testcase classname="com.coursera.org.Test.identifyCoursesTest$validateIdentifyCourses" name="validateSecondCourse" time="5.138"/>
  <testcase classname="com.coursera.org.Test.identifyCoursesTest$validateIdentifyCourses" name="validateScreenShot" time="0.241"/>
</testsuite> <!-- Default test -->
